<?xml version="1.0" encoding="UTF-8"?>
<testsuite xmlns:xsi="http://www.w3.org/2001/XMLSchema-instance" xsi:noNamespaceSchemaLocation="https://maven.apache.org/surefire/maven-surefire-plugin/xsd/surefire-test-report.xsd" name="TestSuite" time="43.469" tests="3" errors="0" skipped="0" failures="0">
  <properties>
[...]
</properties>
  <testcase name="testFindElementById" classname="per.cyj.selenium.element.FindElementByIdTest" time="2.637"/>
  <testcase name="testFindElementByName" classname="per.cyj.selenium.element.FindElementByNameTest" time="3.454"/>
  <testcase name="testFindElementByClassName" classname="per.cyj.selenium.element.FindElementByClassNameTest" time="2.511"/>
</testsuite>