<?xml version="1.0" encoding="UTF-8"?>
<testng-results skipped="0" failed="0" ignored="0" total="1" passed="1">
  <reporter-output>
  </reporter-output>
  <suite name="Selenium自动化测试教程" duration-ms="11979" started-at="2019-10-04T07:39:39Z" finished-at="2019-10-04T07:39:51Z">
    <groups>
      <group name="元素定位方式">
        <method signature="FindElementByIdTest.testFindElementById()[pri:0, instance:per.cyj.selenium.element.FindElementByIdTest@57baeedf]" name="testFindElementById" class="per.cyj.selenium.element.FindElementByIdTest"/>
      </group> <!-- 元素定位方式 -->
    </groups>
    <test name="通过By.id(locatorName)定位页面元素" duration-ms="11979" started-at="2019-10-04T07:39:39Z" finished-at="2019-10-04T07:39:51Z">
      <class name="per.cyj.selenium.element.FindElementByIdTest">
        <test-method status="PASS" signature="init()[pri:0, instance:per.cyj.selenium.element.FindElementByIdTest@57baeedf]" name="init" is-config="true" duration-ms="9974" started-at="2019-10-04T07:39:39Z" finished-at="2019-10-04T07:39:49Z">
          <reporter-output>
          </reporter-output>
        </test-method> <!-- init -->
        <test-method status="PASS" signature="testFindElementById()[pri:0, instance:per.cyj.selenium.element.FindElementByIdTest@57baeedf]" name="testFindElementById" duration-ms="1368" started-at="2019-10-04T07:39:49Z" description="通过By.id(locatorName)定位页面元素" finished-at="2019-10-04T07:39:50Z">
          <reporter-output>
          </reporter-output>
        </test-method> <!-- testFindElementById -->
        <test-method status="PASS" signature="quit()[pri:0, instance:per.cyj.selenium.element.FindElementByIdTest@57baeedf]" name="quit" is-config="true" duration-ms="622" started-at="2019-10-04T07:39:50Z" finished-at="2019-10-04T07:39:51Z">
          <reporter-output>
          </reporter-output>
        </test-method> <!-- quit -->
      </class> <!-- per.cyj.selenium.element.FindElementByIdTest -->
    </test> <!-- 通过By.id(locatorName)定位页面元素 -->
  </suite> <!-- Selenium自动化测试教程 -->
</testng-results>
